22-Dec-23 11:09:05 :DEBUG:main:149 loading facial landmark predictor...
22-Dec-23 11:09:06 :INFO:main:159 starting video stream thread...
22-Dec-23 11:09:06 :INFO:main:160 print q to quit...
22-Dec-23 11:09:09 :DEBUG:main:172 starting main loop...
22-Dec-23 11:09:09 :DEBUG:main:175 starting telegram worker thread...
22-Dec-23 11:09:12 :DEBUG:main:218 blink detected! blinks in the past 5s: 1
22-Dec-23 11:09:13 :DEBUG:main:218 blink detected! blinks in the past 5s: 2
22-Dec-23 11:09:14 :DEBUG:main:218 blink detected! blinks in the past 5s: 3
22-Dec-23 11:09:15 :DEBUG:main:218 blink detected! blinks in the past 5s: 4
22-Dec-23 11:09:15 :DEBUG:main:218 blink detected! blinks in the past 5s: 5
22-Dec-23 11:09:15 :DEBUG:main:238 alarm triggered!
22-Dec-23 11:09:15 :INFO:play_alarm:88 playing alarm.wav
22-Dec-23 11:09:17 :DEBUG:_new_conn:1048 Starting new HTTPS connection (1): api.telegram.org:443
22-Dec-23 11:09:17 :DEBUG:main:218 blink detected! blinks in the past 5s: 1
22-Dec-23 11:09:17 :DEBUG:main:218 blink detected! blinks in the past 5s: 2
22-Dec-23 11:09:18 :INFO:play_alarm:88 playing alarm.wav
22-Dec-23 11:09:19 :DEBUG:main:218 blink detected! blinks in the past 5s: 3
22-Dec-23 11:09:20 :DEBUG:main:218 blink detected! blinks in the past 5s: 4
22-Dec-23 11:09:21 :INFO:play_alarm:88 playing alarm.wav
22-Dec-23 11:09:22 :DEBUG:main:218 blink detected! blinks in the past 5s: 4
22-Dec-23 11:09:23 :DEBUG:main:218 blink detected! blinks in the past 5s: 4
22-Dec-23 11:09:24 :INFO:play_alarm:88 playing alarm.wav
22-Dec-23 11:09:26 :DEBUG:main:218 blink detected! blinks in the past 5s: 4
22-Dec-23 11:09:27 :INFO:play_alarm:88 playing alarm.wav
22-Dec-23 11:09:27 :DEBUG:_make_request:546 https://api.telegram.org:443 "POST /bot6397644141:AAEFf9xek5T8LwlRClgWIGGigI6xChsDtdY/sendPhoto?chat_id=1781637279&caption=Alarm%20triggered%20at%202023-12-22%2011:09:15 HTTP/1.1" 200 844
22-Dec-23 11:09:27 :DEBUG:main:218 blink detected! blinks in the past 5s: 4
22-Dec-23 11:09:28 :DEBUG:main:218 blink detected! blinks in the past 5s: 3
22-Dec-23 11:09:29 :INFO:play_alarm:88 playing alarm.wav
22-Dec-23 11:09:29 :DEBUG:main:218 blink detected! blinks in the past 5s: 4
22-Dec-23 11:09:30 :DEBUG:main:218 blink detected! blinks in the past 5s: 5
22-Dec-23 11:09:30 :DEBUG:main:252 alarm stopped!
22-Dec-23 11:09:31 :DEBUG:_new_conn:1048 Starting new HTTPS connection (1): api.telegram.org:443
22-Dec-23 11:09:34 :DEBUG:main:218 blink detected! blinks in the past 5s: 1
22-Dec-23 11:09:34 :DEBUG:main:218 blink detected! blinks in the past 5s: 2
22-Dec-23 11:09:35 :DEBUG:main:218 blink detected! blinks in the past 5s: 3
22-Dec-23 11:09:35 :DEBUG:main:218 blink detected! blinks in the past 5s: 4
22-Dec-23 11:09:36 :DEBUG:main:218 blink detected! blinks in the past 5s: 5
22-Dec-23 11:09:36 :DEBUG:main:238 alarm triggered!
22-Dec-23 11:09:36 :INFO:play_alarm:88 playing alarm.wav
22-Dec-23 11:50:32 :DEBUG:main:149 loading facial landmark predictor...
22-Dec-23 11:50:34 :INFO:main:159 starting video stream thread...
22-Dec-23 11:50:34 :INFO:main:160 print q to quit...
22-Dec-23 11:50:36 :DEBUG:main:172 starting main loop...
22-Dec-23 11:50:36 :DEBUG:main:175 starting telegram worker thread...
22-Dec-23 11:50:38 :DEBUG:main:218 blink detected! blinks in the past 5s: 1
22-Dec-23 11:50:39 :DEBUG:main:218 blink detected! blinks in the past 5s: 2
22-Dec-23 11:50:40 :DEBUG:main:218 blink detected! blinks in the past 5s: 3
22-Dec-23 11:50:41 :DEBUG:main:218 blink detected! blinks in the past 5s: 4
22-Dec-23 11:50:41 :DEBUG:main:218 blink detected! blinks in the past 5s: 5
22-Dec-23 11:50:41 :DEBUG:main:238 alarm triggered!
22-Dec-23 11:50:41 :INFO:play_alarm:88 playing alarm.wav
22-Dec-23 11:50:41 :DEBUG:_new_conn:1048 Starting new HTTPS connection (1): api.telegram.org:443
22-Dec-23 11:50:42 :DEBUG:main:218 blink detected! blinks in the past 5s: 1
22-Dec-23 11:50:43 :DEBUG:main:218 blink detected! blinks in the past 5s: 2
22-Dec-23 11:50:44 :INFO:play_alarm:88 playing alarm.wav
22-Dec-23 11:50:46 :DEBUG:main:218 blink detected! blinks in the past 5s: 3
22-Dec-23 11:50:46 :INFO:play_alarm:88 playing alarm.wav
22-Dec-23 11:50:49 :DEBUG:main:218 blink detected! blinks in the past 5s: 2
22-Dec-23 11:50:49 :INFO:play_alarm:88 playing alarm.wav
22-Dec-23 11:50:51 :DEBUG:main:218 blink detected! blinks in the past 5s: 3
22-Dec-23 11:50:52 :INFO:play_alarm:88 playing alarm.wav
22-Dec-23 11:50:55 :INFO:play_alarm:88 playing alarm.wav
22-Dec-23 11:50:58 :INFO:play_alarm:88 playing alarm.wav
22-Dec-23 11:50:59 :DEBUG:main:218 blink detected! blinks in the past 5s: 1
22-Dec-23 11:50:59 :DEBUG:main:218 blink detected! blinks in the past 5s: 2
22-Dec-23 11:51:00 :DEBUG:main:218 blink detected! blinks in the past 5s: 3
22-Dec-23 11:51:00 :DEBUG:main:218 blink detected! blinks in the past 5s: 4
22-Dec-23 11:51:01 :DEBUG:main:218 blink detected! blinks in the past 5s: 5
22-Dec-23 11:51:01 :DEBUG:main:252 alarm stopped!
22-Dec-23 11:51:03 :DEBUG:main:218 blink detected! blinks in the past 5s: 1
22-Dec-23 11:51:05 :DEBUG:main:218 blink detected! blinks in the past 5s: 2
22-Dec-23 11:51:05 :DEBUG:main:218 blink detected! blinks in the past 5s: 3
22-Dec-23 11:51:06 :DEBUG:main:218 blink detected! blinks in the past 5s: 4
22-Dec-23 11:51:07 :DEBUG:main:218 blink detected! blinks in the past 5s: 5
22-Dec-23 11:51:07 :DEBUG:main:238 alarm triggered!
22-Dec-23 11:51:07 :INFO:play_alarm:88 playing alarm.wav
22-Dec-23 11:51:09 :DEBUG:main:218 blink detected! blinks in the past 5s: 1
22-Dec-23 11:51:10 :INFO:play_alarm:88 playing alarm.wav
22-Dec-23 14:36:21 :DEBUG:main:149 loading facial landmark predictor...
22-Dec-23 14:36:22 :INFO:main:159 starting video stream thread...
22-Dec-23 14:36:22 :INFO:main:160 print q to quit...
22-Dec-23 14:36:25 :DEBUG:main:172 starting main loop...
22-Dec-23 14:36:25 :DEBUG:main:175 starting telegram worker thread...
22-Dec-23 14:36:27 :DEBUG:main:218 blink detected! blinks in the past 5s: 1
22-Dec-23 14:36:27 :DEBUG:main:218 blink detected! blinks in the past 5s: 2
22-Dec-23 14:36:28 :DEBUG:main:218 blink detected! blinks in the past 5s: 3
22-Dec-23 14:36:29 :DEBUG:main:218 blink detected! blinks in the past 5s: 4
22-Dec-23 14:36:30 :DEBUG:main:218 blink detected! blinks in the past 5s: 5
22-Dec-23 14:36:30 :DEBUG:main:238 alarm triggered!
22-Dec-23 14:36:30 :INFO:play_alarm:88 playing alarm.wav
22-Dec-23 14:36:30 :DEBUG:_new_conn:1048 Starting new HTTPS connection (1): api.telegram.org:443
22-Dec-23 14:36:32 :DEBUG:main:218 blink detected! blinks in the past 5s: 1
22-Dec-23 14:36:33 :DEBUG:_make_request:546 https://api.telegram.org:443 "POST /bot6397644141:AAEFf9xek5T8LwlRClgWIGGigI6xChsDtdY/sendPhoto?chat_id=1781637279&caption=Alarm%20triggered%20at%202023-12-22%2014:36:30 HTTP/1.1" 200 844
22-Dec-23 14:36:33 :INFO:play_alarm:88 playing alarm.wav
22-Dec-23 14:36:36 :INFO:play_alarm:88 playing alarm.wav
22-Dec-23 14:36:39 :DEBUG:main:218 blink detected! blinks in the past 5s: 1
22-Dec-23 14:36:39 :INFO:play_alarm:88 playing alarm.wav
22-Dec-23 14:36:39 :DEBUG:main:218 blink detected! blinks in the past 5s: 2
22-Dec-23 14:36:39 :DEBUG:main:218 blink detected! blinks in the past 5s: 3
22-Dec-23 14:36:39 :DEBUG:main:218 blink detected! blinks in the past 5s: 4
22-Dec-23 14:36:40 :DEBUG:main:218 blink detected! blinks in the past 5s: 5
22-Dec-23 14:36:40 :DEBUG:main:252 alarm stopped!
22-Dec-23 14:36:42 :DEBUG:_new_conn:1048 Starting new HTTPS connection (1): api.telegram.org:443
22-Dec-23 14:36:42 :DEBUG:main:218 blink detected! blinks in the past 5s: 1
22-Dec-23 14:36:42 :DEBUG:main:218 blink detected! blinks in the past 5s: 2
22-Dec-23 14:36:43 :DEBUG:main:218 blink detected! blinks in the past 5s: 3
22-Dec-23 14:36:43 :DEBUG:main:218 blink detected! blinks in the past 5s: 4
22-Dec-23 14:36:44 :DEBUG:main:218 blink detected! blinks in the past 5s: 5
22-Dec-23 14:36:44 :DEBUG:main:238 alarm triggered!
22-Dec-23 14:36:44 :INFO:play_alarm:88 playing alarm.wav
22-Dec-23 14:36:44 :DEBUG:main:218 blink detected! blinks in the past 5s: 1
22-Dec-23 14:36:45 :DEBUG:_make_request:546 https://api.telegram.org:443 "POST /bot6397644141:AAEFf9xek5T8LwlRClgWIGGigI6xChsDtdY/sendPhoto?chat_id=1781637279&caption=Alarm%20stopped%20at%202023-12-22%2014:36:42 HTTP/1.1" 200 842
22-Dec-23 14:36:46 :DEBUG:main:218 blink detected! blinks in the past 5s: 2
22-Dec-23 14:36:47 :INFO:play_alarm:88 playing alarm.wav
22-Dec-23 14:36:47 :DEBUG:main:218 blink detected! blinks in the past 5s: 3
22-Dec-23 14:36:47 :DEBUG:main:218 blink detected! blinks in the past 5s: 4
22-Dec-23 14:36:48 :DEBUG:main:218 blink detected! blinks in the past 5s: 5
22-Dec-23 14:36:48 :DEBUG:main:252 alarm stopped!
22-Dec-23 14:36:50 :DEBUG:main:218 blink detected! blinks in the past 5s: 1
22-Dec-23 14:36:52 :DEBUG:main:218 blink detected! blinks in the past 5s: 2
22-Dec-23 14:36:52 :DEBUG:main:218 blink detected! blinks in the past 5s: 3
22-Dec-23 14:36:54 :DEBUG:main:218 blink detected! blinks in the past 5s: 4
22-Dec-23 14:36:55 :DEBUG:main:218 blink detected! blinks in the past 5s: 4
22-Dec-23 14:36:56 :DEBUG:main:218 blink detected! blinks in the past 5s: 5
22-Dec-23 14:36:56 :DEBUG:main:238 alarm triggered!
22-Dec-23 14:36:56 :INFO:play_alarm:88 playing alarm.wav
22-Dec-23 14:36:56 :DEBUG:main:218 blink detected! blinks in the past 5s: 1
22-Dec-23 14:36:57 :DEBUG:main:218 blink detected! blinks in the past 5s: 2
22-Dec-23 14:36:58 :DEBUG:main:218 blink detected! blinks in the past 5s: 3
22-Dec-23 14:36:59 :INFO:play_alarm:88 playing alarm.wav
22-Dec-23 14:37:00 :DEBUG:main:218 blink detected! blinks in the past 5s: 4
22-Dec-23 14:37:00 :DEBUG:main:218 blink detected! blinks in the past 5s: 5
22-Dec-23 14:37:00 :DEBUG:main:252 alarm stopped!
22-Dec-23 14:37:03 :DEBUG:main:218 blink detected! blinks in the past 5s: 1
22-Dec-23 14:37:03 :DEBUG:main:218 blink detected! blinks in the past 5s: 2
22-Dec-23 14:37:03 :DEBUG:main:218 blink detected! blinks in the past 5s: 3
22-Dec-23 14:37:04 :DEBUG:main:218 blink detected! blinks in the past 5s: 4
22-Dec-23 14:37:04 :DEBUG:main:218 blink detected! blinks in the past 5s: 5
22-Dec-23 14:37:04 :DEBUG:main:238 alarm triggered!
22-Dec-23 14:37:04 :INFO:play_alarm:88 playing alarm.wav
22-Dec-23 14:37:05 :DEBUG:main:218 blink detected! blinks in the past 5s: 1
22-Dec-23 14:37:06 :DEBUG:main:218 blink detected! blinks in the past 5s: 2
22-Dec-23 14:37:06 :DEBUG:main:218 blink detected! blinks in the past 5s: 3
22-Dec-23 14:37:07 :DEBUG:main:218 blink detected! blinks in the past 5s: 4
22-Dec-23 14:37:07 :INFO:play_alarm:88 playing alarm.wav
22-Dec-23 14:37:07 :DEBUG:main:218 blink detected! blinks in the past 5s: 5
22-Dec-23 14:37:07 :DEBUG:main:252 alarm stopped!
22-Dec-23 14:37:13 :DEBUG:main:218 blink detected! blinks in the past 5s: 1
22-Dec-23 14:37:13 :DEBUG:main:218 blink detected! blinks in the past 5s: 2
22-Dec-23 14:37:13 :DEBUG:main:218 blink detected! blinks in the past 5s: 3
22-Dec-23 14:37:14 :DEBUG:main:218 blink detected! blinks in the past 5s: 4
22-Dec-23 14:37:14 :DEBUG:main:218 blink detected! blinks in the past 5s: 5
22-Dec-23 14:37:14 :DEBUG:main:238 alarm triggered!
22-Dec-23 14:37:14 :INFO:play_alarm:88 playing alarm.wav
22-Dec-23 14:37:16 :DEBUG:main:218 blink detected! blinks in the past 5s: 1
22-Dec-23 14:37:16 :DEBUG:main:218 blink detected! blinks in the past 5s: 2
22-Dec-23 14:37:17 :DEBUG:main:218 blink detected! blinks in the past 5s: 3
22-Dec-23 14:37:17 :DEBUG:main:218 blink detected! blinks in the past 5s: 4
22-Dec-23 14:37:17 :INFO:play_alarm:88 playing alarm.wav
22-Dec-23 14:37:17 :DEBUG:main:218 blink detected! blinks in the past 5s: 5
22-Dec-23 14:37:17 :DEBUG:main:252 alarm stopped!
22-Dec-23 14:37:21 :DEBUG:main:218 blink detected! blinks in the past 5s: 1
22-Dec-23 14:37:22 :DEBUG:main:218 blink detected! blinks in the past 5s: 2
22-Dec-23 14:37:25 :DEBUG:main:218 blink detected! blinks in the past 5s: 3
22-Dec-23 14:37:26 :DEBUG:main:218 blink detected! blinks in the past 5s: 4
22-Dec-23 14:37:26 :DEBUG:main:218 blink detected! blinks in the past 5s: 4
22-Dec-23 14:37:27 :DEBUG:main:218 blink detected! blinks in the past 5s: 5
22-Dec-23 14:37:27 :DEBUG:main:238 alarm triggered!
22-Dec-23 14:37:27 :INFO:play_alarm:88 playing alarm.wav
22-Dec-23 14:37:28 :DEBUG:main:218 blink detected! blinks in the past 5s: 1
22-Dec-23 14:37:29 :INFO:play_alarm:88 playing alarm.wav
22-Dec-23 14:37:30 :DEBUG:main:218 blink detected! blinks in the past 5s: 2
22-Dec-23 14:37:32 :DEBUG:main:218 blink detected! blinks in the past 5s: 3
22-Dec-23 14:37:32 :INFO:play_alarm:88 playing alarm.wav
22-Dec-23 14:37:33 :DEBUG:main:218 blink detected! blinks in the past 5s: 3
22-Dec-23 14:37:34 :DEBUG:main:218 blink detected! blinks in the past 5s: 4
22-Dec-23 14:37:35 :DEBUG:main:218 blink detected! blinks in the past 5s: 5
22-Dec-23 14:37:35 :DEBUG:main:252 alarm stopped!
22-Dec-23 14:37:36 :DEBUG:main:218 blink detected! blinks in the past 5s: 1
22-Dec-23 14:37:37 :DEBUG:main:218 blink detected! blinks in the past 5s: 2
22-Dec-23 14:37:38 :DEBUG:main:218 blink detected! blinks in the past 5s: 3
22-Dec-23 14:37:38 :DEBUG:main:218 blink detected! blinks in the past 5s: 4
22-Dec-23 14:37:38 :DEBUG:main:218 blink detected! blinks in the past 5s: 5
22-Dec-23 14:37:38 :DEBUG:main:238 alarm triggered!
22-Dec-23 14:37:38 :INFO:play_alarm:88 playing alarm.wav
22-Dec-23 14:37:40 :INFO:play_alarm:88 playing alarm.wav
22-Dec-23 14:37:41 :DEBUG:main:218 blink detected! blinks in the past 5s: 1
22-Dec-23 14:37:43 :INFO:play_alarm:88 playing alarm.wav
22-Dec-23 14:37:44 :DEBUG:main:218 blink detected! blinks in the past 5s: 2
22-Dec-23 14:37:46 :INFO:play_alarm:88 playing alarm.wav
22-Dec-23 14:37:47 :DEBUG:main:218 blink detected! blinks in the past 5s: 2
22-Dec-23 14:37:48 :INFO:play_alarm:88 playing alarm.wav
22-Dec-23 14:37:51 :INFO:play_alarm:88 playing alarm.wav
22-Dec-23 14:37:54 :DEBUG:main:218 blink detected! blinks in the past 5s: 1
22-Dec-23 14:37:54 :INFO:play_alarm:88 playing alarm.wav
22-Dec-23 14:37:54 :DEBUG:main:218 blink detected! blinks in the past 5s: 2
22-Dec-23 14:37:57 :INFO:play_alarm:88 playing alarm.wav
22-Dec-23 14:37:59 :INFO:play_alarm:88 playing alarm.wav
22-Dec-23 14:38:02 :INFO:play_alarm:88 playing alarm.wav
22-Dec-23 14:38:04 :DEBUG:main:218 blink detected! blinks in the past 5s: 1
22-Dec-23 14:38:05 :DEBUG:main:218 blink detected! blinks in the past 5s: 2
22-Dec-23 14:38:05 :INFO:play_alarm:88 playing alarm.wav
22-Dec-23 14:38:06 :DEBUG:main:218 blink detected! blinks in the past 5s: 3
22-Dec-23 14:38:08 :INFO:play_alarm:88 playing alarm.wav
22-Dec-23 14:38:11 :INFO:play_alarm:88 playing alarm.wav
22-Dec-23 14:38:14 :INFO:play_alarm:88 playing alarm.wav
22-Dec-23 14:38:16 :DEBUG:main:218 blink detected! blinks in the past 5s: 1
22-Dec-23 14:38:16 :DEBUG:main:218 blink detected! blinks in the past 5s: 2
22-Dec-23 14:38:16 :DEBUG:main:218 blink detected! blinks in the past 5s: 3
22-Dec-23 14:38:17 :INFO:play_alarm:88 playing alarm.wav
22-Dec-23 14:38:17 :DEBUG:main:218 blink detected! blinks in the past 5s: 4
22-Dec-23 14:38:20 :INFO:play_alarm:88 playing alarm.wav
22-Dec-23 14:38:22 :INFO:play_alarm:88 playing alarm.wav
22-Dec-23 14:38:25 :INFO:play_alarm:88 playing alarm.wav
22-Dec-23 14:38:28 :INFO:play_alarm:88 playing alarm.wav
22-Dec-23 14:38:31 :INFO:play_alarm:88 playing alarm.wav
22-Dec-23 14:38:34 :INFO:play_alarm:88 playing alarm.wav
